<?xml version="1.0" encoding="UTF-8"?>
<testsuite name="TestSuite" time="68.276" tests="3" errors="0" skipped="0" failures="1">
  <properties>
[...]
</properties>
  <testcase name="laptoptest" classname="pack1.ExampleTest" time="23.516"/>
  <testcase name="spktest" classname="pack1.ExampleTest" time="22.389">
    <failure message="expected [true] but found [false]" type="java.lang.AssertionError">java.lang.AssertionError: expected [true] but found [false]
	at org.testng.Assert.fail(Assert.java:96)
	at org.testng.Assert.failNotEquals(Assert.java:776)
	at org.testng.Assert.assertTrue(Assert.java:44)
	at org.testng.Assert.assertTrue(Assert.java:54)
	at pack1.ExampleTest.spktest(ExampleTest.java:119)
</failure>
    <system-out><![CDATA[ invalid data
]]></system-out>
    <system-err><![CDATA[1638585975321	Marionette	INFO	Stopped listening on port 60001
JavaScript error: resource:///modules/Interactions.jsm, line 201: NS_ERROR_FAILURE: Component returned failure code: 0x80004005 (NS_ERROR_FAILURE) [nsIUserIdleService.removeIdleObserver]
[Parent 5824, IPC I/O Parent] WARNING: file /builds/worker/checkouts/gecko/ipc/chromium/src/base/process_util_win.cc:167
1638585976913	geckodriver	INFO	Listening on 127.0.0.1:10238
1638585977377	mozrunner::runner	INFO	Running command: "C:\\Program Files\\Mozilla Firefox\\firefox.exe" "--marionette" "-no-remote" "-profile" "C:\\Users\\kiran\\AppData\\Local\\Temp\\rust_mozprofilel8Npmi"
1638585978066	Marionette	INFO	Marionette enabled
console.warn: SearchSettings: "get: No settings file exists, new profile?" (new NotFoundError("Could not open the file at C:\\Users\\kiran\\AppData\\Local\\Temp\\rust_mozprofilel8Npmi\\search.json.mozlz4", (void 0)))
1638585983312	Marionette	INFO	Listening on port 60091
1638585983998	RemoteAgent	WARN	TLS certificate errors will be ignored for this session
Dec 04, 2021 8:16:24 AM org.openqa.selenium.remote.ProtocolHandshake createSession
INFO: Detected dialect: W3C
]]></system-err>
  </testcase>
  <testcase name="tablettest" classname="pack1.ExampleTest" time="22.371"/>
</testsuite>